[INFO] Scanning for projects...
[INFO] 
[INFO] --------------------------< com.learn:JWTEx >---------------------------
[INFO] Building JWTEx 0.0.1-SNAPSHOT
[INFO]   from pom.xml
[INFO] --------------------------------[ jar ]---------------------------------
[INFO] 
[INFO] >>> spring-boot:3.4.4:run (default-cli) > test-compile @ JWTEx >>>
[INFO] 
[INFO] --- resources:3.3.1:resources (default-resources) @ JWTEx ---
[INFO] Copying 1 resource from src/main/resources to target/classes
[INFO] Copying 1 resource from src/main/resources to target/classes
[INFO] 
[INFO] --- compiler:3.13.0:compile (default-compile) @ JWTEx ---
[INFO] Nothing to compile - all classes are up to date.
[INFO] 
[INFO] --- resources:3.3.1:testResources (default-testResources) @ JWTEx ---
[INFO] skip non existing resourceDirectory /Users/manojdhawade/Desktop/Nikita/genai/product-service/src/test/resources
[INFO] 
[INFO] --- compiler:3.13.0:testCompile (default-testCompile) @ JWTEx ---
[INFO] Nothing to compile - all classes are up to date.
[INFO] 
[INFO] <<< spring-boot:3.4.4:run (default-cli) < test-compile @ JWTEx <<<
[INFO] 
[INFO] 
[INFO] --- spring-boot:3.4.4:run (default-cli) @ JWTEx ---
[INFO] Attaching agents: []

  .   ____          _            __ _ _
 /\\ / ___'_ __ _ _(_)_ __  __ _ \ \ \ \
( ( )\___ | '_ | '_| | '_ \/ _` | \ \ \ \
 \\/  ___)| |_)| | | | | || (_| |  ) ) ) )
  '  |____| .__|_| |_|_| |_\__, | / / / /
 =========|_|==============|___/=/_/_/_/

 :: Spring Boot ::                (v3.4.4)

2025-08-07T12:32:02.244+05:30  INFO 18599 --- [  restartedMain] c.l.p.ProductServiceApplication          : Starting ProductServiceApplication using Java 22.0.1 with PID 18599 (/Users/manojdhawade/Desktop/Nikita/genai/product-service/target/classes started by manojdhawade in /Users/manojdhawade/Desktop/Nikita/genai/product-service)
2025-08-07T12:32:02.249+05:30  INFO 18599 --- [  restartedMain] c.l.p.ProductServiceApplication          : No active profile set, falling back to 1 default profile: "default"
2025-08-07T12:32:02.343+05:30  INFO 18599 --- [  restartedMain] .e.DevToolsPropertyDefaultsPostProcessor : Devtools property defaults active! Set 'spring.devtools.add-properties' to 'false' to disable
2025-08-07T12:32:02.343+05:30  INFO 18599 --- [  restartedMain] .e.DevToolsPropertyDefaultsPostProcessor : For additional web related logging consider setting the 'logging.level.web' property to 'DEBUG'
2025-08-07T12:32:04.725+05:30  INFO 18599 --- [  restartedMain] .s.d.r.c.RepositoryConfigurationDelegate : Bootstrapping Spring Data JPA repositories in DEFAULT mode.
2025-08-07T12:32:04.887+05:30  INFO 18599 --- [  restartedMain] .s.d.r.c.RepositoryConfigurationDelegate : Finished Spring Data repository scanning in 141 ms. Found 5 JPA repository interfaces.
2025-08-07T12:32:06.095+05:30  INFO 18599 --- [  restartedMain] o.s.b.w.embedded.tomcat.TomcatWebServer  : Tomcat initialized with port 8080 (http)
2025-08-07T12:32:06.129+05:30  INFO 18599 --- [  restartedMain] o.apache.catalina.core.StandardService   : Starting service [Tomcat]
2025-08-07T12:32:06.130+05:30  INFO 18599 --- [  restartedMain] o.apache.catalina.core.StandardEngine    : Starting Servlet engine: [Apache Tomcat/10.1.39]
2025-08-07T12:32:06.244+05:30  INFO 18599 --- [  restartedMain] o.a.c.c.C.[Tomcat].[localhost].[/]       : Initializing Spring embedded WebApplicationContext
2025-08-07T12:32:06.246+05:30  INFO 18599 --- [  restartedMain] w.s.c.ServletWebServerApplicationContext : Root WebApplicationContext: initialization completed in 3900 ms
2025-08-07T12:32:06.551+05:30  INFO 18599 --- [  restartedMain] o.hibernate.jpa.internal.util.LogHelper  : HHH000204: Processing PersistenceUnitInfo [name: default]
2025-08-07T12:32:06.667+05:30  INFO 18599 --- [  restartedMain] org.hibernate.Version                    : HHH000412: Hibernate ORM core version 6.6.11.Final
2025-08-07T12:32:06.752+05:30  INFO 18599 --- [  restartedMain] o.h.c.internal.RegionFactoryInitiator    : HHH000026: Second-level cache disabled
2025-08-07T12:32:07.422+05:30  INFO 18599 --- [  restartedMain] o.s.o.j.p.SpringPersistenceUnitInfo      : No LoadTimeWeaver setup: ignoring JPA class transformer
2025-08-07T12:32:07.496+05:30  INFO 18599 --- [  restartedMain] com.zaxxer.hikari.HikariDataSource       : HikariPool-1 - Starting...
2025-08-07T12:32:09.233+05:30  INFO 18599 --- [  restartedMain] com.zaxxer.hikari.pool.HikariPool        : HikariPool-1 - Added connection com.mysql.cj.jdbc.ConnectionImpl@34aa7864
2025-08-07T12:32:09.236+05:30  INFO 18599 --- [  restartedMain] com.zaxxer.hikari.HikariDataSource       : HikariPool-1 - Start completed.
2025-08-07T12:32:09.319+05:30  WARN 18599 --- [  restartedMain] org.hibernate.orm.deprecation            : HHH90000025: MySQL8Dialect does not need to be specified explicitly using 'hibernate.dialect' (remove the property setting and it will be selected by default)
2025-08-07T12:32:09.321+05:30  WARN 18599 --- [  restartedMain] org.hibernate.orm.deprecation            : HHH90000026: MySQL8Dialect has been deprecated; use org.hibernate.dialect.MySQLDialect instead
2025-08-07T12:32:09.354+05:30  INFO 18599 --- [  restartedMain] org.hibernate.orm.connections.pooling    : HHH10001005: Database info:
	Database JDBC URL [Connecting through datasource 'HikariDataSource (HikariPool-1)']
	Database driver: undefined/unknown
	Database version: 8.0
	Autocommit mode: undefined/unknown
	Isolation level: undefined/unknown
	Minimum pool size: undefined/unknown
	Maximum pool size: undefined/unknown
2025-08-07T12:32:11.139+05:30  INFO 18599 --- [  restartedMain] o.h.e.t.j.p.i.JtaPlatformInitiator       : HHH000489: No JTA platform available (set 'hibernate.transaction.jta.platform' to enable JTA platform integration)
2025-08-07T12:32:11.304+05:30  INFO 18599 --- [  restartedMain] j.LocalContainerEntityManagerFactoryBean : Initialized JPA EntityManagerFactory for persistence unit 'default'
2025-08-07T12:32:12.169+05:30  WARN 18599 --- [  restartedMain] JpaBaseConfiguration$JpaWebConfiguration : spring.jpa.open-in-view is enabled by default. Therefore, database queries may be performed during view rendering. Explicitly configure spring.jpa.open-in-view to disable this warning
2025-08-07T12:32:12.216+05:30  INFO 18599 --- [  restartedMain] r$InitializeUserDetailsManagerConfigurer : Global AuthenticationManager configured with UserDetailsService bean with name customUserDetailsService
2025-08-07T12:32:13.259+05:30  INFO 18599 --- [  restartedMain] o.s.b.d.a.OptionalLiveReloadServer       : LiveReload server is running on port 35729
2025-08-07T12:32:13.312+05:30  INFO 18599 --- [  restartedMain] o.s.b.w.embedded.tomcat.TomcatWebServer  : Tomcat started on port 8080 (http) with context path '/'
2025-08-07T12:32:13.327+05:30  INFO 18599 --- [  restartedMain] c.l.p.ProductServiceApplication          : Started ProductServiceApplication in 12.085 seconds (process running for 13.024)
Hibernate: select u1_0.id,u1_0.email,u1_0.mobile_no,u1_0.name,u1_0.password,u1_0.role from user u1_0
Hibernate: delete from user where id=?
Hibernate: insert into user (email,mobile_no,name,password,role) values (?,?,?,?,?)
Default admin user created: admin@admin.com / admin123
[INFO] ------------------------------------------------------------------------
[INFO] BUILD FAILURE
[INFO] ------------------------------------------------------------------------
[INFO] Total time:  01:21 min
[INFO] Finished at: 2025-08-07T12:33:17+05:30
[INFO] ------------------------------------------------------------------------
[ERROR] Failed to execute goal org.springframework.boot:spring-boot-maven-plugin:3.4.4:run (default-cli) on project JWTEx: Process terminated with exit code: 137 -> [Help 1]
[ERROR] 
[ERROR] To see the full stack trace of the errors, re-run Maven with the -e switch.
[ERROR] Re-run Maven using the -X switch to enable full debug logging.
[ERROR] 
[ERROR] For more information about the errors and possible solutions, please read the following articles:
[ERROR] [Help 1] http://cwiki.apache.org/confluence/display/MAVEN/MojoExecutionException
