[INFO] Scanning for projects...
[INFO] 
[INFO] --------------------------< com.learn:JWTEx >---------------------------
[INFO] Building JWTEx 0.0.1-SNAPSHOT
[INFO]   from pom.xml
[INFO] --------------------------------[ jar ]---------------------------------
[INFO] 
[INFO] >>> spring-boot:3.4.4:run (default-cli) > test-compile @ JWTEx >>>
[INFO] 
[INFO] --- resources:3.3.1:resources (default-resources) @ JWTEx ---
[INFO] Copying 1 resource from src/main/resources to target/classes
[INFO] Copying 1 resource from src/main/resources to target/classes
[INFO] 
[INFO] --- compiler:3.13.0:compile (default-compile) @ JWTEx ---
[INFO] Recompiling the module because of added or removed source files.
[INFO] Compiling 20 source files with javac [debug parameters release 17] to target/classes
[INFO] Annotation processing is enabled because one or more processors were found
  on the class path. A future release of javac may disable annotation processing
  unless at least one processor is specified by name (-processor), or a search
  path is specified (--processor-path, --processor-module-path), or annotation
  processing is enabled explicitly (-proc:only, -proc:full).
  Use -Xlint:-options to suppress this message.
  Use -proc:none to disable annotation processing.
[INFO] -------------------------------------------------------------
[WARNING] COMPILATION WARNING : 
[INFO] -------------------------------------------------------------
[WARNING] /Users/manojdhawade/Desktop/Nikita/genai/product-service/src/main/java/com/learn/productservice/config/SecurityConfig.java:[32,40] frameOptions() in org.springframework.security.config.annotation.web.configurers.HeadersConfigurer has been deprecated and marked for removal
[INFO] 1 warning
[INFO] -------------------------------------------------------------
[INFO] -------------------------------------------------------------
[ERROR] COMPILATION ERROR : 
[INFO] -------------------------------------------------------------
[ERROR] /Users/manojdhawade/Desktop/Nikita/genai/product-service/src/main/java/com/learn/productservice/config/SecurityConfig.java:[24,52] cannot find symbol
  symbol:   method corsConfigurationSource()
  location: class com.learn.productservice.config.SecurityConfig
[INFO] 1 error
[INFO] -------------------------------------------------------------
[INFO] ------------------------------------------------------------------------
[INFO] BUILD FAILURE
[INFO] ------------------------------------------------------------------------
[INFO] Total time:  8.866 s
[INFO] Finished at: 2025-08-07T13:01:51+05:30
[INFO] ------------------------------------------------------------------------
[ERROR] Failed to execute goal org.apache.maven.plugins:maven-compiler-plugin:3.13.0:compile (default-compile) on project JWTEx: Compilation failure
[ERROR] /Users/manojdhawade/Desktop/Nikita/genai/product-service/src/main/java/com/learn/productservice/config/SecurityConfig.java:[24,52] cannot find symbol
[ERROR]   symbol:   method corsConfigurationSource()
[ERROR]   location: class com.learn.productservice.config.SecurityConfig
[ERROR] 
[ERROR] -> [Help 1]
[ERROR] 
[ERROR] To see the full stack trace of the errors, re-run Maven with the -e switch.
[ERROR] Re-run Maven using the -X switch to enable full debug logging.
[ERROR] 
[ERROR] For more information about the errors and possible solutions, please read the following articles:
[ERROR] [Help 1] http://cwiki.apache.org/confluence/display/MAVEN/MojoFailureException
